<?xml version="1.0" encoding="UTF-8"?>
<testng-results total="2" passed="2" failed="0" skipped="0">
  <reporter-output>
  </reporter-output>
  <suite started-at="2022-11-08T16:15:13Z" name="Surefire suite" finished-at="2022-11-08T16:15:43Z" duration-ms="29838">
    <groups>
      <group name="cucumber">
        <method signature="AbstractTestNGCucumberTests.runScenario(io.cucumber.testng.PickleWrapper, io.cucumber.testng.FeatureWrapper)[pri:0, instance:runner.Test_Runner@1c72da34]" name="runScenario" class="io.cucumber.testng.AbstractTestNGCucumberTests"/>
      </group> <!-- cucumber -->
    </groups>
    <test started-at="2022-11-08T16:15:13Z" name="Surefire test" finished-at="2022-11-08T16:15:43Z" duration-ms="29838">
      <class name="runner.Test_Runner">
        <test-method is-config="true" signature="setUpClass(org.testng.ITestContext)[pri:0, instance:runner.Test_Runner@1c72da34]" started-at="2022-11-08T21:45:13Z" name="setUpClass" finished-at="2022-11-08T21:45:14Z" duration-ms="365" status="PASS">
          <params>
            <param index="0">
              <value>
                <![CDATA[org.testng.TestRunner@d8d9199]]>
              </value>
            </param>
          </params>
          <reporter-output>
          </reporter-output>
        </test-method> <!-- setUpClass -->
        <test-method signature="runScenario(io.cucumber.testng.PickleWrapper, io.cucumber.testng.FeatureWrapper)[pri:0, instance:runner.Test_Runner@1c72da34]" started-at="2022-11-08T21:45:14Z" name="runScenario" description="Runs Cucumber Scenarios" data-provider="scenarios" finished-at="2022-11-08T21:45:29Z" duration-ms="14958" status="PASS">
          <params>
            <param index="0">
              <value>
                <![CDATA["To Test login functionality with valid data"]]>
              </value>
            </param>
            <param index="1">
              <value>
                <![CDATA["Optional[Testing guru99 login]"]]>
              </value>
            </param>
          </params>
          <reporter-output>
          </reporter-output>
        </test-method> <!-- runScenario -->
        <test-method signature="runScenario(io.cucumber.testng.PickleWrapper, io.cucumber.testng.FeatureWrapper)[pri:0, instance:runner.Test_Runner@1c72da34]" started-at="2022-11-08T21:45:29Z" name="runScenario" description="Runs Cucumber Scenarios" data-provider="scenarios" finished-at="2022-11-08T21:45:43Z" duration-ms="14472" status="PASS">
          <params>
            <param index="0">
              <value>
                <![CDATA["To Test login functionality with valid data"]]>
              </value>
            </param>
            <param index="1">
              <value>
                <![CDATA["Optional[Testing guru99 login]"]]>
              </value>
            </param>
          </params>
          <reporter-output>
          </reporter-output>
        </test-method> <!-- runScenario -->
        <test-method is-config="true" signature="tearDownClass()[pri:0, instance:runner.Test_Runner@1c72da34]" started-at="2022-11-08T21:45:43Z" name="tearDownClass" finished-at="2022-11-08T21:45:43Z" duration-ms="33" status="PASS">
          <reporter-output>
          </reporter-output>
        </test-method> <!-- tearDownClass -->
      </class> <!-- runner.Test_Runner -->
    </test> <!-- Surefire test -->
  </suite> <!-- Surefire suite -->
</testng-results>
